{"level":"warn","message":"Mongoose disconnected from DB","timestamp":"2025-09-24T18:41:37.871Z"}
{"level":"warn","message":"Mongoose disconnected from DB","timestamp":"2025-09-24T18:42:23.705Z"}
{"level":"warn","message":"Mongoose disconnected from DB","timestamp":"2025-09-24T18:51:45.171Z"}
{"level":"warn","message":"Mongoose disconnected from DB","timestamp":"2025-09-24T18:54:38.782Z"}
{"level":"warn","message":"Mongoose disconnected from DB","timestamp":"2025-09-24T18:55:49.323Z"}
{"level":"warn","message":"Mongoose disconnected from DB","timestamp":"2025-09-24T18:57:02.780Z"}
{"level":"error","message":"❌ MongoDB connection error: connect ECONNREFUSED ::1:27017, connect ECONNREFUSED 127.0.0.1:27017","timestamp":"2025-09-24T19:06:19.025Z"}
{"level":"error","message":"❌ MongoDB connection error: connect ECONNREFUSED ::1:27017, connect ECONNREFUSED 127.0.0.1:27017","timestamp":"2025-09-24T19:07:38.440Z"}
{"level":"info","message":"✅ MongoDB Connected: localhost","timestamp":"2025-09-24T19:10:55.834Z"}
{"level":"info","message":"Mongoose connected to DB","timestamp":"2025-09-24T19:11:13.299Z"}
{"level":"info","message":"Mongoose connected to DB","timestamp":"2025-09-24T19:12:26.403Z"}
{"level":"info","message":"MongoDB connected successfully","timestamp":"2025-09-24T19:12:26.409Z"}
{"level":"info","message":"MongoDB connected via config/database.js","timestamp":"2025-09-24T19:12:26.410Z"}
{"level":"info","message":"🚀 Server running on port 3000","timestamp":"2025-09-24T19:12:26.415Z"}
{"level":"warn","message":"Mongoose disconnected from DB","timestamp":"2025-09-24T19:14:00.962Z"}
{"level":"info","message":"Mongoose connected to DB","timestamp":"2025-09-24T19:14:05.973Z"}
{"level":"info","message":"MongoDB connected successfully","timestamp":"2025-09-24T19:14:05.979Z"}
{"level":"info","message":"MongoDB connected via config/database.js","timestamp":"2025-09-24T19:14:05.980Z"}
{"level":"info","message":"🚀 Server running on port 3000","timestamp":"2025-09-24T19:14:05.987Z"}
{"level":"info","message":"Mongoose connected to DB","timestamp":"2025-09-25T04:32:41.345Z"}
{"level":"info","message":"MongoDB connected successfully","timestamp":"2025-09-25T04:32:41.351Z"}
{"level":"info","message":"MongoDB connected via config/database.js","timestamp":"2025-09-25T04:32:41.352Z"}
{"level":"info","message":"🚀 Server running on port 3000","timestamp":"2025-09-25T04:32:41.385Z"}
{"level":"warn","message":"Mongoose disconnected from DB","timestamp":"2025-09-25T04:40:29.561Z"}
{"level":"warn","message":"Mongoose disconnected from DB","timestamp":"2025-09-25T11:25:14.533Z"}
{"level":"warn","message":"Mongoose disconnected from DB","timestamp":"2025-09-25T11:26:48.757Z"}
{"level":"info","message":"Mongoose connected to DB","timestamp":"2025-09-25T11:32:55.606Z"}
{"level":"info","message":"MongoDB connected successfully","timestamp":"2025-09-25T11:32:55.616Z"}
{"level":"info","message":"MongoDB connected via config/database.js","timestamp":"2025-09-25T11:32:55.617Z"}
{"level":"info","message":"🚀 Server running on port 3000","timestamp":"2025-09-25T11:32:55.698Z"}
{"level":"warn","message":"Mongoose disconnected from DB","timestamp":"2025-09-25T15:55:47.044Z"}
{"level":"info","message":"Mongoose connected to DB","timestamp":"2025-09-25T15:56:57.558Z"}
{"level":"info","message":"MongoDB connected successfully","timestamp":"2025-09-25T15:56:57.566Z"}
{"level":"info","message":"MongoDB connected via config/database.js","timestamp":"2025-09-25T15:56:57.567Z"}
{"level":"info","message":"🚀 Server running on port 3000","timestamp":"2025-09-25T15:56:57.571Z"}
{"level":"info","message":"Mongoose connected to DB","timestamp":"2025-09-26T04:45:44.078Z"}
{"level":"info","message":"MongoDB connected successfully","timestamp":"2025-09-26T04:45:44.083Z"}
{"level":"info","message":"MongoDB connected via config/database.js","timestamp":"2025-09-26T04:45:44.083Z"}
{"level":"info","message":"🚀 Server running on port 3000","timestamp":"2025-09-26T04:45:44.087Z"}
{"level":"info","message":"Mongoose connected to DB","timestamp":"2025-09-26T05:00:08.060Z"}
{"level":"info","message":"MongoDB connected successfully","timestamp":"2025-09-26T05:00:08.065Z"}
{"level":"info","message":"MongoDB connected via config/database.js","timestamp":"2025-09-26T05:00:08.066Z"}
{"level":"info","message":"🚀 Server running on port 3000","timestamp":"2025-09-26T05:00:08.071Z"}
{"level":"warn","message":"Mongoose disconnected from DB","timestamp":"2025-09-26T15:03:37.736Z"}
{"level":"info","message":"Mongoose connected to DB","timestamp":"2025-09-26T15:14:23.764Z"}
{"level":"info","message":"MongoDB connected successfully","timestamp":"2025-09-26T15:14:23.769Z"}
{"level":"info","message":"MongoDB connected via config/database.js","timestamp":"2025-09-26T15:14:23.770Z"}
{"level":"info","message":"🚀 Server running on port 3000","timestamp":"2025-09-26T15:14:23.789Z"}
{"level":"warn","message":"Mongoose disconnected from DB","timestamp":"2025-09-26T16:26:53.023Z"}
{"level":"info","message":"Mongoose connected to DB","timestamp":"2025-09-26T16:47:06.290Z"}
{"level":"info","message":"MongoDB connected successfully","timestamp":"2025-09-26T16:47:06.295Z"}
{"level":"info","message":"MongoDB connected via config/database.js","timestamp":"2025-09-26T16:47:06.296Z"}
{"level":"info","message":"🚀 Server running on port 3000","timestamp":"2025-09-26T16:47:06.300Z"}
{"level":"warn","message":"Mongoose disconnected from DB","timestamp":"2025-09-26T16:55:52.535Z"}
{"level":"info","message":"Mongoose connected to DB","timestamp":"2025-09-26T16:59:10.933Z"}
{"level":"info","message":"MongoDB connected successfully","timestamp":"2025-09-26T16:59:10.940Z"}
{"level":"info","message":"MongoDB connected via config/database.js","timestamp":"2025-09-26T16:59:10.941Z"}
{"level":"info","message":"🚀 Server running on port 3000","timestamp":"2025-09-26T16:59:10.947Z"}
{"level":"warn","message":"Mongoose disconnected from DB","timestamp":"2025-09-26T17:15:08.500Z"}
{"level":"info","message":"Mongoose connected to DB","timestamp":"2025-09-26T17:15:25.008Z"}
{"level":"info","message":"MongoDB connected successfully","timestamp":"2025-09-26T17:15:25.015Z"}
{"level":"info","message":"MongoDB connected via config/database.js","timestamp":"2025-09-26T17:15:25.016Z"}
{"level":"info","message":"🚀 Server running on port 3000","timestamp":"2025-09-26T17:15:25.022Z"}
{"level":"warn","message":"Mongoose disconnected from DB","timestamp":"2025-09-26T18:11:21.271Z"}
{"level":"info","message":"Mongoose connected to DB","timestamp":"2025-09-26T18:11:48.488Z"}
{"level":"info","message":"MongoDB connected successfully","timestamp":"2025-09-26T18:11:48.494Z"}
{"level":"info","message":"MongoDB connected via config/database.js","timestamp":"2025-09-26T18:11:48.495Z"}
{"level":"info","message":"🚀 Server running on port 3000","timestamp":"2025-09-26T18:11:48.500Z"}
{"level":"error","message":"Error: User.findOne is not a function","timestamp":"2025-09-26T18:12:41.480Z"}
{"level":"error","message":"Error: User.findOne is not a function","timestamp":"2025-09-26T18:14:01.216Z"}
{"level":"error","message":"Error: User.findOne is not a function","timestamp":"2025-09-26T18:18:23.428Z"}
{"level":"warn","message":"Mongoose disconnected from DB","timestamp":"2025-09-26T18:18:33.651Z"}
{"level":"info","message":"Mongoose connected to DB","timestamp":"2025-09-26T18:18:57.699Z"}
{"level":"info","message":"MongoDB connected successfully","timestamp":"2025-09-26T18:18:57.704Z"}
{"level":"info","message":"MongoDB connected via config/database.js","timestamp":"2025-09-26T18:18:57.705Z"}
{"level":"info","message":"🚀 Server running on port 3000","timestamp":"2025-09-26T18:18:57.711Z"}
{"level":"error","message":"Error: User.findOne is not a function","timestamp":"2025-09-26T18:19:12.007Z"}
{"level":"error","message":"Error: User.findOne is not a function","timestamp":"2025-09-26T18:19:46.428Z"}
{"level":"error","message":"Error: User.findOne is not a function","timestamp":"2025-09-26T18:21:01.656Z"}
{"level":"warn","message":"Mongoose disconnected from DB","timestamp":"2025-09-26T18:25:57.983Z"}
{"level":"info","message":"Mongoose connected to DB","timestamp":"2025-09-26T18:26:12.735Z"}
{"level":"info","message":"MongoDB connected successfully","timestamp":"2025-09-26T18:26:12.740Z"}
{"level":"info","message":"MongoDB connected via config/database.js","timestamp":"2025-09-26T18:26:12.741Z"}
{"level":"info","message":"🚀 Server running on port 3000","timestamp":"2025-09-26T18:26:12.746Z"}
{"level":"warn","message":"Mongoose disconnected from DB","timestamp":"2025-09-26T18:33:09.907Z"}
{"level":"info","message":"Mongoose connected to DB","timestamp":"2025-09-26T18:33:15.665Z"}
{"level":"info","message":"MongoDB connected successfully","timestamp":"2025-09-26T18:33:15.673Z"}
{"level":"info","message":"MongoDB connected via config/database.js","timestamp":"2025-09-26T18:33:15.673Z"}
{"level":"info","message":"🚀 Server running on port 3000","timestamp":"2025-09-26T18:33:15.679Z"}
{"level":"error","message":"Error: User validation failed: role: `ADMINISTRATEUR` is not a valid enum value for path `role`.","timestamp":"2025-09-26T18:50:25.526Z"}
{"level":"error","message":"Error: User validation failed: role: `ADMINISTRATEUR` is not a valid enum value for path `role`.","timestamp":"2025-09-26T18:50:39.941Z"}
{"level":"error","message":"Error: User validation failed: role: `APPRENANT` is not a valid enum value for path `role`.","timestamp":"2025-09-26T18:51:32.781Z"}
{"level":"info","message":"Mongoose connected to DB","timestamp":"2025-09-27T02:14:58.633Z"}
{"level":"info","message":"MongoDB connected successfully","timestamp":"2025-09-27T02:14:58.644Z"}
{"level":"info","message":"MongoDB connected via config/database.js","timestamp":"2025-09-27T02:14:58.645Z"}
{"level":"info","message":"🚀 Server running on port 3000","timestamp":"2025-09-27T02:14:58.662Z"}
{"level":"warn","message":"Mongoose disconnected from DB","timestamp":"2025-09-27T02:45:19.361Z"}
{"level":"info","message":"Mongoose connected to DB","timestamp":"2025-09-27T02:45:31.197Z"}
{"level":"info","message":"Mongoose connected to DB","timestamp":"2025-09-27T06:05:55.078Z"}
{"level":"info","message":"MongoDB connected successfully","timestamp":"2025-09-27T06:05:55.083Z"}
{"level":"info","message":"MongoDB connected via config/database.js","timestamp":"2025-09-27T06:05:55.084Z"}
{"level":"info","message":"🚀 Server running on port 3000","timestamp":"2025-09-27T06:05:55.088Z"}
{"level":"info","message":"Mongoose connected to DB","timestamp":"2025-09-27T07:47:48.596Z"}
{"level":"info","message":"MongoDB connected successfully","timestamp":"2025-09-27T07:47:48.604Z"}
{"level":"info","message":"MongoDB connected via config/database.js","timestamp":"2025-09-27T07:47:48.606Z"}
{"level":"info","message":"🚀 Server running on port 3000","timestamp":"2025-09-27T07:47:48.614Z"}
