{"level":"error","message":"MongoDB connection error: connect ECONNREFUSED ::1:27017, connect ECONNREFUSED 127.0.0.1:27017","timestamp":"2025-09-24T18:41:37.881Z"}
{"level":"error","message":"MongoDB connection error: connect ECONNREFUSED ::1:27017, connect ECONNREFUSED 127.0.0.1:27017","timestamp":"2025-09-24T18:42:23.717Z"}
{"level":"error","message":"MongoDB connection error: connect ECONNREFUSED ::1:27017, connect ECONNREFUSED 127.0.0.1:27017","timestamp":"2025-09-24T18:51:45.182Z"}
{"level":"error","message":"MongoDB connection error: connect ECONNREFUSED 127.0.0.1:27017","timestamp":"2025-09-24T18:54:38.793Z"}
{"level":"error","message":"MongoDB connection error: connect ECONNREFUSED 127.0.0.1:27017","timestamp":"2025-09-24T18:55:49.333Z"}
{"level":"error","message":"MongoDB connection error: connect ECONNREFUSED 127.0.0.1:27017","timestamp":"2025-09-24T18:57:02.785Z"}
{"level":"error","message":"❌ MongoDB connection error: connect ECONNREFUSED ::1:27017, connect ECONNREFUSED 127.0.0.1:27017","timestamp":"2025-09-24T19:06:19.025Z"}
{"level":"error","message":"❌ MongoDB connection error: connect ECONNREFUSED ::1:27017, connect ECONNREFUSED 127.0.0.1:27017","timestamp":"2025-09-24T19:07:38.440Z"}
{"level":"error","message":"MongoDB connection error: connect ECONNREFUSED 127.0.0.1:27017","timestamp":"2025-09-25T11:25:14.537Z"}
{"level":"error","message":"MongoDB connection error: connect ECONNREFUSED 127.0.0.1:27017","timestamp":"2025-09-25T11:26:48.766Z"}
{"level":"error","message":"Error: User.findOne is not a function","timestamp":"2025-09-26T18:12:41.480Z"}
{"level":"error","message":"Error: User.findOne is not a function","timestamp":"2025-09-26T18:14:01.216Z"}
{"level":"error","message":"Error: User.findOne is not a function","timestamp":"2025-09-26T18:18:23.428Z"}
{"level":"error","message":"Error: User.findOne is not a function","timestamp":"2025-09-26T18:19:12.007Z"}
{"level":"error","message":"Error: User.findOne is not a function","timestamp":"2025-09-26T18:19:46.428Z"}
{"level":"error","message":"Error: User.findOne is not a function","timestamp":"2025-09-26T18:21:01.656Z"}
{"level":"error","message":"Error: User validation failed: role: `ADMINISTRATEUR` is not a valid enum value for path `role`.","timestamp":"2025-09-26T18:50:25.526Z"}
{"level":"error","message":"Error: User validation failed: role: `ADMINISTRATEUR` is not a valid enum value for path `role`.","timestamp":"2025-09-26T18:50:39.941Z"}
{"level":"error","message":"Error: User validation failed: role: `APPRENANT` is not a valid enum value for path `role`.","timestamp":"2025-09-26T18:51:32.781Z"}
{"level":"error","message":"Error: User validation failed: role: Path `role` is required.","timestamp":"2025-09-27T09:41:23.182Z"}
{"level":"error","message":"Error: User validation failed: role: Path `role` is required.","timestamp":"2025-09-27T09:42:21.929Z"}
{"level":"error","message":"Uncaught Exception: listen EADDRINUSE: address already in use :::3000","timestamp":"2025-09-27T18:39:24.023Z"}
{"level":"error","message":"Uncaught Exception: listen EADDRINUSE: address already in use :::3000","timestamp":"2025-09-27T18:40:48.706Z"}
{"level":"error","message":"Error: Cast to ObjectId failed for value \"domaine\" (type string) at path \"_id\" for model \"Cours\"","timestamp":"2025-09-28T08:30:45.181Z"}
{"level":"error","message":"Error: Cast to ObjectId failed for value \"domaine\" (type string) at path \"_id\" for model \"Cours\"","timestamp":"2025-09-28T08:32:12.069Z"}
{"level":"error","message":"Error: Cast to ObjectId failed for value \"domaine\" (type string) at path \"_id\" for model \"Cours\"","timestamp":"2025-09-28T08:32:22.729Z"}
{"level":"error","message":"Error: Cast to ObjectId failed for value \"domaine\" (type string) at path \"_id\" for model \"Cours\"","timestamp":"2025-09-28T08:32:22.757Z"}
{"level":"error","message":"Error: Cast to ObjectId failed for value \"domaine\" (type string) at path \"_id\" for model \"Cours\"","timestamp":"2025-09-28T08:37:25.043Z"}
{"level":"error","message":"Error: Cast to ObjectId failed for value \"domaine\" (type string) at path \"_id\" for model \"Cours\"","timestamp":"2025-09-28T08:37:25.077Z"}
{"level":"error","message":"Error: Cast to ObjectId failed for value \"domaine\" (type string) at path \"_id\" for model \"Cours\"","timestamp":"2025-09-28T08:39:28.848Z"}
{"level":"error","message":"Error: Cast to ObjectId failed for value \"domaine\" (type string) at path \"_id\" for model \"Cours\"","timestamp":"2025-09-28T08:39:28.874Z"}
{"level":"error","message":"Error: Cast to ObjectId failed for value \"domaine\" (type string) at path \"_id\" for model \"Cours\"","timestamp":"2025-09-28T08:45:50.729Z"}
{"level":"error","message":"Error: Cast to ObjectId failed for value \"domaine\" (type string) at path \"_id\" for model \"Cours\"","timestamp":"2025-09-28T08:45:50.898Z"}
{"level":"error","message":"Error: Cast to ObjectId failed for value \"domaine\" (type string) at path \"_id\" for model \"Cours\"","timestamp":"2025-09-28T08:59:13.106Z"}
{"level":"error","message":"Error: Cast to ObjectId failed for value \"domaine\" (type string) at path \"_id\" for model \"Cours\"","timestamp":"2025-09-28T08:59:14.430Z"}
{"level":"error","message":"Error: Cast to ObjectId failed for value \"domaine\" (type string) at path \"_id\" for model \"Cours\"","timestamp":"2025-09-28T09:33:06.657Z"}
{"level":"error","message":"Error: Cast to ObjectId failed for value \"domaine\" (type string) at path \"_id\" for model \"Cours\"","timestamp":"2025-09-28T09:33:07.627Z"}
{"level":"error","message":"Error: Cast to ObjectId failed for value \"domaine\" (type string) at path \"_id\" for model \"Cours\"","timestamp":"2025-09-28T09:33:33.575Z"}
{"level":"error","message":"Error: Cast to ObjectId failed for value \"domaine\" (type string) at path \"_id\" for model \"Cours\"","timestamp":"2025-09-28T09:33:34.126Z"}
{"level":"error","message":"Error: Cast to ObjectId failed for value \"domaine\" (type string) at path \"_id\" for model \"Cours\"","timestamp":"2025-09-28T10:29:26.578Z"}
{"level":"error","message":"Error: Cast to ObjectId failed for value \"domaine\" (type string) at path \"_id\" for model \"Cours\"","timestamp":"2025-09-28T10:29:26.596Z"}
{"level":"error","message":"Error: Cast to ObjectId failed for value \"domaine\" (type string) at path \"_id\" for model \"Cours\"","timestamp":"2025-09-28T10:30:13.905Z"}
{"level":"error","message":"Error: Cast to ObjectId failed for value \"domaine\" (type string) at path \"_id\" for model \"Cours\"","timestamp":"2025-09-28T10:30:13.934Z"}
{"level":"error","message":"Error: Cast to ObjectId failed for value \"domaine\" (type string) at path \"_id\" for model \"Cours\"","timestamp":"2025-09-28T10:32:10.548Z"}
{"level":"error","message":"Error: Cast to ObjectId failed for value \"domaine\" (type string) at path \"_id\" for model \"Cours\"","timestamp":"2025-09-28T10:32:10.557Z"}
{"level":"error","message":"Error: Cast to ObjectId failed for value \"domaine\" (type string) at path \"_id\" for model \"Cours\"","timestamp":"2025-09-28T11:00:09.149Z"}
{"level":"error","message":"Error: Cast to ObjectId failed for value \"domaine\" (type string) at path \"_id\" for model \"Cours\"","timestamp":"2025-09-28T11:00:11.110Z"}
{"level":"error","message":"Error: Cast to ObjectId failed for value \"domaine\" (type string) at path \"_id\" for model \"Cours\"","timestamp":"2025-09-28T17:12:10.872Z"}
{"level":"error","message":"Error: Cast to ObjectId failed for value \"domaine\" (type string) at path \"_id\" for model \"Cours\"","timestamp":"2025-09-28T17:12:11.190Z"}
{"level":"error","message":"Error: Cast to ObjectId failed for value \"domaine\" (type string) at path \"_id\" for model \"Cours\"","timestamp":"2025-09-28T18:48:38.731Z"}
{"level":"error","message":"Error: Cast to ObjectId failed for value \"domaine\" (type string) at path \"_id\" for model \"Cours\"","timestamp":"2025-09-28T18:48:38.849Z"}
{"level":"error","message":"Error: Cast to ObjectId failed for value \"domaine\" (type string) at path \"_id\" for model \"Cours\"","timestamp":"2025-09-28T18:50:40.874Z"}
{"level":"error","message":"Error: Cast to ObjectId failed for value \"domaine\" (type string) at path \"_id\" for model \"Cours\"","timestamp":"2025-09-28T18:50:40.889Z"}
{"level":"error","message":"Error fetching courses: Cannot populate path `domaineId` because it is not in your schema. Set the `strictPopulate` option to false to override.","timestamp":"2025-09-29T03:21:17.698Z"}
{"level":"error","message":"Error: Cannot populate path `domaineId` because it is not in your schema. Set the `strictPopulate` option to false to override.","timestamp":"2025-09-29T03:21:17.705Z"}
{"level":"error","message":"Error fetching courses: Cannot populate path `domaineId` because it is not in your schema. Set the `strictPopulate` option to false to override.","timestamp":"2025-09-29T03:21:17.820Z"}
{"level":"error","message":"Error: Cannot populate path `domaineId` because it is not in your schema. Set the `strictPopulate` option to false to override.","timestamp":"2025-09-29T03:21:17.823Z"}
{"level":"error","message":"Error fetching courses: Cannot populate path `domaineId` because it is not in your schema. Set the `strictPopulate` option to false to override.","timestamp":"2025-09-29T03:21:47.328Z"}
{"level":"error","message":"Error: Cannot populate path `domaineId` because it is not in your schema. Set the `strictPopulate` option to false to override.","timestamp":"2025-09-29T03:21:47.339Z"}
{"level":"error","message":"Error fetching courses: Cannot populate path `domaineId` because it is not in your schema. Set the `strictPopulate` option to false to override.","timestamp":"2025-09-29T03:21:47.397Z"}
{"level":"error","message":"Error: Cannot populate path `domaineId` because it is not in your schema. Set the `strictPopulate` option to false to override.","timestamp":"2025-09-29T03:21:47.411Z"}
{"level":"error","message":"Error fetching courses: Cannot populate path `domaineId` because it is not in your schema. Set the `strictPopulate` option to false to override.","timestamp":"2025-09-29T03:41:39.601Z"}
{"level":"error","message":"Error: Cannot populate path `domaineId` because it is not in your schema. Set the `strictPopulate` option to false to override.","timestamp":"2025-09-29T03:41:39.684Z"}
{"level":"error","message":"MongoDB connection error: connect ECONNREFUSED 127.0.0.1:27017","timestamp":"2025-10-02T18:51:10.100Z"}
{"level":"error","message":"Error: User.findById is not a function","timestamp":"2025-10-02T18:57:20.279Z"}
{"level":"error","message":"Error: User.findById is not a function","timestamp":"2025-10-02T18:57:20.803Z"}
{"level":"error","message":"Error: User.findById is not a function","timestamp":"2025-10-02T18:57:21.069Z"}
{"level":"error","message":"Error: User.findById is not a function","timestamp":"2025-10-02T18:57:30.987Z"}
{"level":"error","message":"Error: User.findById is not a function","timestamp":"2025-10-02T18:57:30.996Z"}
{"level":"error","message":"Error: User.findById is not a function","timestamp":"2025-10-02T18:57:31.085Z"}
{"level":"error","message":"Error: User.findById is not a function","timestamp":"2025-10-02T18:59:43.754Z"}
{"level":"error","message":"Error: User.findById is not a function","timestamp":"2025-10-02T18:59:43.807Z"}
{"level":"error","message":"Error: User.findById is not a function","timestamp":"2025-10-02T18:59:44.089Z"}
{"level":"error","message":"Error: User.findById is not a function","timestamp":"2025-10-02T19:01:04.494Z"}
{"level":"error","message":"Error: User.findById is not a function","timestamp":"2025-10-02T19:01:04.533Z"}
{"level":"error","message":"Error: User.findById is not a function","timestamp":"2025-10-03T04:15:16.238Z"}
{"level":"error","message":"Error: User.findById is not a function","timestamp":"2025-10-03T04:15:16.682Z"}
{"level":"error","message":"Error: User.findById is not a function","timestamp":"2025-10-03T04:15:16.943Z"}
{"level":"error","message":"Uncaught Exception: listen EADDRINUSE: address already in use :::3000","timestamp":"2025-10-03T04:32:54.414Z"}
{"level":"error","message":"Uncaught Exception: listen EADDRINUSE: address already in use :::3000","timestamp":"2025-10-03T04:37:40.661Z"}
{"level":"error","message":"Uncaught Exception: listen EADDRINUSE: address already in use :::3000","timestamp":"2025-10-03T04:40:34.785Z"}
{"level":"error","message":"Uncaught Exception: listen EADDRINUSE: address already in use :::3000","timestamp":"2025-10-03T04:54:21.137Z"}
{"level":"error","message":"Uncaught Exception: listen EADDRINUSE: address already in use :::3000","timestamp":"2025-10-03T04:55:04.096Z"}
{"level":"error","message":"Error: User.findById is not a function","timestamp":"2025-10-03T04:56:32.836Z"}
{"level":"error","message":"Error: User validation failed: role: `enseignant` is not a valid enum value for path `role`.","timestamp":"2025-10-03T06:41:32.739Z"}
